<?xml version="1.0" encoding="UTF-8"?>
<!-- Generated by org.testng.reporters.JUnitReportReporter -->
<testsuite skipped="0" hostname="DESKTOP-THCG2LF" name="sampleTest.HomepageTest" tests="2" failures="0" timestamp="2020-09-30T17:09:55 IST" time="17.133" errors="0">
  <testcase name="validateUsers" time="13.116" classname="sampleTest.HomepageTest"/>
  <system-out/>
  <testcase name="validateUsers" time="4.017" classname="sampleTest.HomepageTest"/>
  <system-out/>
</testsuite> <!-- sampleTest.HomepageTest -->
