<?xml version="1.0" encoding="UTF-8"?>
<!-- Generated by org.testng.reporters.JUnitReportReporter -->
<testsuite skipped="0" hostname="DESKTOP-THCG2LF" name="sampleTest.VerifyNavigationBar" tests="1" failures="0" timestamp="2020-09-30T17:09:55 IST" time="12.089" errors="0">
  <testcase name="verifyNavigationBar1" time="12.089" classname="sampleTest.VerifyNavigationBar"/>
  <system-out/>
</testsuite> <!-- sampleTest.VerifyNavigationBar -->
