<?xml version="1.0" encoding="UTF-8"?>
<!-- Generated by org.testng.reporters.JUnitReportReporter -->
<testsuite hostname="DESKTOP-THCG2LF" name="sampleTest.HomepageTest" tests="2" failures="0" timestamp="30 Sep 2020 11:47:30 GMT" time="15.893" errors="0">
  <testcase name="validateUsers" time="11.994" classname="sampleTest.HomepageTest"/>
  <testcase name="validateUsers" time="3.899" classname="sampleTest.HomepageTest"/>
</testsuite> <!-- sampleTest.HomepageTest -->
