<?xml version="1.0" encoding="UTF-8"?>
<!-- Generated by org.testng.reporters.JUnitReportReporter -->
<testsuite hostname="DESKTOP-THCG2LF" name="sampleTest.VerifyPageTitle" tests="1" failures="0" timestamp="30 Sep 2020 11:47:30 GMT" time="11.814" errors="0">
  <testcase name="verifyFeatureText" time="11.814" classname="sampleTest.VerifyPageTitle"/>
</testsuite> <!-- sampleTest.VerifyPageTitle -->
