<?xml version="1.0" encoding="UTF-8"?>
<!-- Generated by org.testng.reporters.JUnitReportReporter -->
<testsuite hostname="DESKTOP-THCG2LF" name="sampleTest.VerifyNavigationBar" tests="1" failures="0" timestamp="30 Sep 2020 11:47:30 GMT" time="11.698" errors="0">
  <testcase name="verifyNavigationBar1" time="11.698" classname="sampleTest.VerifyNavigationBar"/>
</testsuite> <!-- sampleTest.VerifyNavigationBar -->
